------------------------------------------------------------
/usr/bin/pip run on Wed May  1 05:12:12 2013
Downloading/unpacking mrjob
  Getting page http://pypi.python.org/simple/mrjob
  URLs to search for versions for mrjob:
  * http://pypi.python.org/simple/mrjob/
  Getting page http://github.com/Yelp/mrjob
  Analyzing links from page http://pypi.python.org/simple/mrjob/
    Found link http://pypi.python.org/packages/source/m/mrjob/mrjob-0.3.3.1.tar.gz#md5=3352199bf9ce513921dfbd0993e54b0b (from http://pypi.python.org/simple/mrjob/), version: 0.3.3.1
    Found link http://pypi.python.org/packages/source/m/mrjob/mrjob-0.1.0-pre3.tar.gz#md5=f4a7370899f1c7f960fdad72e44119a4 (from http://pypi.python.org/simple/mrjob/), version: 0.1.0-pre3
    Found link http://pypi.python.org/packages/source/m/mrjob/mrjob-0.1.0.tar.gz#md5=2503c8aa21922639085e8af497844b07 (from http://pypi.python.org/simple/mrjob/), version: 0.1.0
    Found link http://pypi.python.org/packages/source/m/mrjob/mrjob-0.1.0-pre2.tar.gz#md5=8339ab7bb3b1181e1652d6e15f34f555 (from http://pypi.python.org/simple/mrjob/), version: 0.1.0-pre2
    Found link http://pypi.python.org/packages/source/m/mrjob/mrjob-0.2.2.tar.gz#md5=e08d1d6e344bc6c48a0a72b4e9ee5a82 (from http://pypi.python.org/simple/mrjob/), version: 0.2.2
    Found link http://pypi.python.org/packages/source/m/mrjob/mrjob-0.2.0.tar.gz#md5=59506a0835a8f1cd50886f49f0b7d5f4 (from http://pypi.python.org/simple/mrjob/), version: 0.2.0
    Found link http://pypi.python.org/packages/source/m/mrjob/mrjob-0.3.0.tar.gz#md5=6d31c9d41b5eedbed9af110c5d1588db (from http://pypi.python.org/simple/mrjob/), version: 0.3.0
    Found link http://pypi.python.org/packages/source/m/mrjob/mrjob-0.3.3.tar.gz#md5=4a4b378e1246c6d49c41fc43610d2970 (from http://pypi.python.org/simple/mrjob/), version: 0.3.3
    Found link http://pypi.python.org/packages/source/m/mrjob/mrjob-0.3.1.tar.gz#md5=253921a7492963dd07157ae72f9df963 (from http://pypi.python.org/simple/mrjob/), version: 0.3.1
    Found link http://pypi.python.org/packages/source/m/mrjob/mrjob-0.2.8.tar.gz#md5=67bcbef346f91a6b81ca54fb6c59ac30 (from http://pypi.python.org/simple/mrjob/), version: 0.2.8
    Found link http://pypi.python.org/packages/source/m/mrjob/mrjob-0.3.3.2.tar.gz#md5=f0d9221aeef0dd4315d1692f5dc3f188 (from http://pypi.python.org/simple/mrjob/), version: 0.3.3.2
    Found link http://pypi.python.org/packages/source/m/mrjob/mrjob-0.3.2.tar.gz#md5=5617d32bc5d0227e2cd71e127d47a26f (from http://pypi.python.org/simple/mrjob/), version: 0.3.2
    Found link http://pypi.python.org/packages/source/m/mrjob/mrjob-0.2.4.tar.gz#md5=d378b05ea685782624686cd135929be7 (from http://pypi.python.org/simple/mrjob/), version: 0.2.4
    Found link http://pypi.python.org/packages/source/m/mrjob/mrjob-0.2.3.tar.gz#md5=4d0bdeb2d2827c9c66fec885cb0ebf96 (from http://pypi.python.org/simple/mrjob/), version: 0.2.3
    Found link http://pypi.python.org/packages/source/m/mrjob/mrjob-0.2.1.tar.gz#md5=42455fad1dfa2c93dd2616adae92bb28 (from http://pypi.python.org/simple/mrjob/), version: 0.2.1
    Found link http://pypi.python.org/packages/source/m/mrjob/mrjob-0.2.5.tar.gz#md5=b05864d742dd22de3f905fce92ec37d8 (from http://pypi.python.org/simple/mrjob/), version: 0.2.5
    Found link http://pypi.python.org/packages/source/m/mrjob/mrjob-0.1.0-pre1.tar.gz#md5=c3205a7b05e6ea7562db4c79fca639fa (from http://pypi.python.org/simple/mrjob/), version: 0.1.0-pre1
    Found link http://pypi.python.org/packages/source/m/mrjob/mrjob-0.2.6.tar.gz#md5=998b2920682607c2a8b76790a79bd77f (from http://pypi.python.org/simple/mrjob/), version: 0.2.6
    Found link http://pypi.python.org/packages/source/m/mrjob/mrjob-0.3.4.1.tar.gz#md5=6072a23a281153837502f5400d00c276 (from http://pypi.python.org/simple/mrjob/), version: 0.3.4.1
    Found link http://pypi.python.org/packages/source/m/mrjob/mrjob-0.3.5.tar.gz#md5=2448387e8013f711abcf272315762805 (from http://pypi.python.org/simple/mrjob/), version: 0.3.5
    Found link http://pypi.python.org/packages/source/m/mrjob/mrjob-0.4-RC1.tar.gz#md5=8e1135539665a6b57b6fc54e6c1df017 (from http://pypi.python.org/simple/mrjob/), version: 0.4-RC1
    Found link http://pypi.python.org/packages/source/m/mrjob/mrjob-0.2.7.tar.gz#md5=5fdd8e102625f573ce7957c57e586646 (from http://pypi.python.org/simple/mrjob/), version: 0.2.7
    Found link http://pypi.python.org/packages/source/m/mrjob/mrjob-0.4.tar.gz#md5=48e50fb60c8463b4f59ac0add5ecceee (from http://pypi.python.org/simple/mrjob/), version: 0.4
    Skipping link http://github.com/Yelp/mrjob (from http://pypi.python.org/simple/mrjob/); not a file
    Skipping link http://packages.python.org/mrjob/ (from http://pypi.python.org/simple/mrjob/); not a file
    Skipping link http://aws.amazon.com/documentation/elasticmapreduce/ (from http://pypi.python.org/simple/mrjob/); not a file
    Skipping link mailto:greg@blind-works.net (from http://pypi.python.org/simple/mrjob/); unknown archive format: .net
    Skipping link http://hadoop.apache.org/mapreduce/ (from http://pypi.python.org/simple/mrjob/); not a file
    Skipping link http://aws.amazon.com/elasticmapreduce/ (from http://pypi.python.org/simple/mrjob/); not a file
    Skipping link http://www.blind-works.net/ (from http://pypi.python.org/simple/mrjob/); not a file
    Skipping link http://blip.tv/pycon-us-videos-2009-2010-2011/pycon-2011-mrjob-distributed-computing-for-everyone-4898987/ (from http://pypi.python.org/simple/mrjob/); not a file
    Skipping link http://aws.amazon.com/account/ (from http://pypi.python.org/simple/mrjob/); not a file
    Skipping link http://aws.amazon.com/ (from http://pypi.python.org/simple/mrjob/); not a file
    Skipping link http://groups.google.com/group/mrjob (from http://pypi.python.org/simple/mrjob/); not a file
    Skipping link http://packages.python.org/mrjob/configs-conf.html (from http://pypi.python.org/simple/mrjob/); unknown archive format: .html
  Analyzing links from page https://github.com/Yelp/mrjob
    Skipping link https://github.com/opensearch.xml (from https://github.com/Yelp/mrjob); unknown archive format: .xml
    Skipping link https://github.com/fluidicon.png (from https://github.com/Yelp/mrjob); unknown archive format: .png
    Skipping link https://github.com/apple-touch-icon-114.png (from https://github.com/Yelp/mrjob); unknown archive format: .png
    Skipping link https://github.com/apple-touch-icon-144.png (from https://github.com/Yelp/mrjob); unknown archive format: .png
    Skipping link http://github-media-downloads.s3.amazonaws.com/github-logo.svg (from https://github.com/Yelp/mrjob); unknown archive format: .svg
    Skipping link https://github.com/_sockets (from https://github.com/Yelp/mrjob); not a file
    Skipping link https://github.com/favicon.ico (from https://github.com/Yelp/mrjob); unknown archive format: .ico
    Skipping link https://a248.e.akamai.net/assets.github.com/assets/github-00ea20e79e6d5abb55ae9c24c43af8b5ccb020e4.css (from https://github.com/Yelp/mrjob); unknown archive format: .css
    Skipping link https://a248.e.akamai.net/assets.github.com/assets/github2-df74bbf87bba9dccfc9520b0f73402fbb8412896.css (from https://github.com/Yelp/mrjob); unknown archive format: .css
    Skipping link https://github.com/Yelp/mrjob/tree/65707e32da35301a1d32be26e0892a6ffd995af0 (from https://github.com/Yelp/mrjob); not a file
    Skipping link https://github.com/Yelp/mrjob/commits/master.atom (from https://github.com/Yelp/mrjob); unknown archive format: .atom
    Skipping link https://github.com/ (from https://github.com/Yelp/mrjob); not a file
    Skipping link https://github.com/signup (from https://github.com/Yelp/mrjob); not a file
    Skipping link https://github.com/login?return_to=%2FYelp%2Fmrjob (from https://github.com/Yelp/mrjob); not a file
    Skipping link https://github.com/explore (from https://github.com/Yelp/mrjob); not a file
    Skipping link https://github.com/search (from https://github.com/Yelp/mrjob); not a file
    Skipping link https://github.com/features (from https://github.com/Yelp/mrjob); not a file
    Skipping link https://github.com/blog (from https://github.com/Yelp/mrjob); not a file
    Skipping link https://github.com/Yelp/mrjob/stargazers (from https://github.com/Yelp/mrjob); not a file
    Skipping link https://github.com/Yelp/mrjob/network (from https://github.com/Yelp/mrjob); not a file
    Skipping link https://github.com/Yelp (from https://github.com/Yelp/mrjob); not a file
    Skipping link https://github.com/Yelp/mrjob (from https://github.com/Yelp/mrjob); not a file
    Skipping link https://github.com/Yelp/mrjob/pulse (from https://github.com/Yelp/mrjob); not a file
    Skipping link https://github.com/Yelp/mrjob/pulls (from https://github.com/Yelp/mrjob); not a file
    Skipping link https://github.com/Yelp/mrjob/issues (from https://github.com/Yelp/mrjob); not a file
    Skipping link https://github.com/Yelp/mrjob/wiki (from https://github.com/Yelp/mrjob); not a file
    Skipping link https://github.com/Yelp/mrjob/graphs (from https://github.com/Yelp/mrjob); not a file
    Skipping link https://github.com/languages/Python (from https://github.com/Yelp/mrjob); not a file
    Skipping link https://github.com/languages/Ruby (from https://github.com/Yelp/mrjob); not a file
    Skipping link https://github.com/Yelp/mrjob#readme (from https://github.com/Yelp/mrjob); not a file
    Could not parse version from link: https://github.com/Yelp/mrjob/archive/master.zip (from https://github.com/Yelp/mrjob)
    Skipping link https://github.com/Yelp/mrjob/archive/master.zip (from https://github.com/Yelp/mrjob); wrong project name (not mrjob)
    Skipping link https://github.com/Yelp/mrjob.git (from https://github.com/Yelp/mrjob); unknown archive format: .git
    Skipping link https://github.com/Yelp/git@github.com:Yelp/mrjob.git (from https://github.com/Yelp/mrjob); unknown archive format: .git
    Skipping link git://github.com/Yelp/mrjob.git (from https://github.com/Yelp/mrjob); unknown archive format: .git
    Skipping link https://github.com/Yelp/mrjob/tags (from https://github.com/Yelp/mrjob); not a file
    Skipping link https://github.com/Yelp/mrjob/tree/master (from https://github.com/Yelp/mrjob); not a file
    Skipping link https://github.com/Yelp/mrjob/tree/v0.4.0pre3 (from https://github.com/Yelp/mrjob); unknown archive format: .0pre3
    Skipping link https://github.com/Yelp/mrjob/tree/v0.4.0pre2 (from https://github.com/Yelp/mrjob); unknown archive format: .0pre2
    Skipping link https://github.com/Yelp/mrjob/tree/v0.4.0pre1 (from https://github.com/Yelp/mrjob); unknown archive format: .0pre1
    Skipping link https://github.com/Yelp/mrjob/tree/v0.4 (from https://github.com/Yelp/mrjob); unknown archive format: .4
    Skipping link https://github.com/Yelp/mrjob/tree/v0.3.5 (from https://github.com/Yelp/mrjob); unknown archive format: .5
    Skipping link https://github.com/Yelp/mrjob/tree/v0.3.4.1 (from https://github.com/Yelp/mrjob); unknown archive format: .1
    Skipping link https://github.com/Yelp/mrjob/tree/v0.3.4 (from https://github.com/Yelp/mrjob); unknown archive format: .4
    Skipping link https://github.com/Yelp/mrjob/tree/v0.3.3.2 (from https://github.com/Yelp/mrjob); unknown archive format: .2
    Skipping link https://github.com/Yelp/mrjob/tree/v0.3.3.1 (from https://github.com/Yelp/mrjob); unknown archive format: .1
    Skipping link https://github.com/Yelp/mrjob/tree/v0.3.3 (from https://github.com/Yelp/mrjob); unknown archive format: .3
    Skipping link https://github.com/Yelp/mrjob/tree/v0.3.2 (from https://github.com/Yelp/mrjob); unknown archive format: .2
    Skipping link https://github.com/Yelp/mrjob/tree/v0.3.1 (from https://github.com/Yelp/mrjob); unknown archive format: .1
    Skipping link https://github.com/Yelp/mrjob/tree/v0.3.0 (from https://github.com/Yelp/mrjob); unknown archive format: .0
    Skipping link https://github.com/Yelp/mrjob/tree/v0.2.8 (from https://github.com/Yelp/mrjob); unknown archive format: .8
    Skipping link https://github.com/Yelp/mrjob/tree/v0.2.7 (from https://github.com/Yelp/mrjob); unknown archive format: .7
    Skipping link https://github.com/Yelp/mrjob/tree/v0.2.6 (from https://github.com/Yelp/mrjob); unknown archive format: .6
    Skipping link https://github.com/Yelp/mrjob/tree/v0.2.5 (from https://github.com/Yelp/mrjob); unknown archive format: .5
    Skipping link https://github.com/Yelp/mrjob/tree/v0.2.4 (from https://github.com/Yelp/mrjob); unknown archive format: .4
    Skipping link https://github.com/Yelp/mrjob/tree/v0.2.3 (from https://github.com/Yelp/mrjob); unknown archive format: .3
    Skipping link https://github.com/Yelp/mrjob/tree/v0.2.2 (from https://github.com/Yelp/mrjob); unknown archive format: .2
    Skipping link https://github.com/Yelp/mrjob/tree/v0.2.1 (from https://github.com/Yelp/mrjob); unknown archive format: .1
    Skipping link https://github.com/Yelp/mrjob/tree/v0.2.0 (from https://github.com/Yelp/mrjob); unknown archive format: .0
    Skipping link https://github.com/Yelp/mrjob/tree/v0.1.0-pre3 (from https://github.com/Yelp/mrjob); unknown archive format: .0-pre3
    Skipping link https://github.com/Yelp/mrjob/tree/v0.1.0-pre2 (from https://github.com/Yelp/mrjob); unknown archive format: .0-pre2
    Skipping link https://github.com/Yelp/mrjob/tree/v0.1.0-pre1 (from https://github.com/Yelp/mrjob); unknown archive format: .0-pre1
    Skipping link https://github.com/Yelp/mrjob/tree/v0.1.0 (from https://github.com/Yelp/mrjob); unknown archive format: .0
    Skipping link https://github.com/Yelp/mrjob/commits/master (from https://github.com/Yelp/mrjob); not a file
    Skipping link https://github.com/Yelp/mrjob/branches (from https://github.com/Yelp/mrjob); not a file
    Skipping link https://github.com/Yelp/mrjob/find/master (from https://github.com/Yelp/mrjob); not a file
    Skipping link https://github.com/Yelp/mrjob/tree/master/bin (from https://github.com/Yelp/mrjob); not a file
    Skipping link https://github.com/Yelp/mrjob/commit/d9135f172f73c6c73b8f47cf7971c91788cd0a4c (from https://github.com/Yelp/mrjob); not a file
    Skipping link https://github.com/Yelp/mrjob/tree/master/docs (from https://github.com/Yelp/mrjob); not a file
    Skipping link https://github.com/Yelp/mrjob/commit/40af3216f91006b417ece4029b30e888ae5cb4e7 (from https://github.com/Yelp/mrjob); not a file
    Skipping link https://github.com/sudarshang (from https://github.com/Yelp/mrjob); not a file
    Skipping link https://github.com/Yelp/mrjob/tree/master/mrjob (from https://github.com/Yelp/mrjob); not a file
    Skipping link https://github.com/Yelp/mrjob/commit/97f2b3ee2667240f5832c8cced9285451113f384 (from https://github.com/Yelp/mrjob); not a file
    Skipping link https://github.com/Yelp/mrjob/tree/master/tests (from https://github.com/Yelp/mrjob); not a file
    Skipping link https://github.com/Yelp/mrjob/commit/2ceb3a61f1488f158aba2e793dde38879d2ceb63 (from https://github.com/Yelp/mrjob); not a file
    Skipping link https://github.com/Yelp/mrjob/blob/master/.gitignore (from https://github.com/Yelp/mrjob); not a file
    Skipping link https://github.com/Yelp/mrjob/commit/9cc8b27d67ab3cf9e7cd40eef6282ea3ea0985b0 (from https://github.com/Yelp/mrjob); not a file
    Skipping link https://github.com/Yelp/mrjob/blob/master/.travis.yml (from https://github.com/Yelp/mrjob); unknown archive format: .yml
    Skipping link https://github.com/Yelp/mrjob/commit/3a1a41bdfd9d128ebcc6afaac2fafc9019644afd (from https://github.com/Yelp/mrjob); not a file
    Skipping link https://github.com/Yelp/mrjob/blob/master/CHANGES.txt (from https://github.com/Yelp/mrjob); unknown archive format: .txt
    Skipping link https://github.com/Yelp/mrjob/commit/1d766eee26966b3fa97a9dea9a7467ba733a1b0a (from https://github.com/Yelp/mrjob); not a file
    Skipping link https://github.com/Yelp/mrjob/blob/master/CONTRIBUTING.rst (from https://github.com/Yelp/mrjob); unknown archive format: .rst
    Skipping link https://github.com/Yelp/mrjob/commit/f4b76c0b89140b2e555fbd16634250133c55cc1c (from https://github.com/Yelp/mrjob); not a file
    Skipping link https://github.com/irskep (from https://github.com/Yelp/mrjob); not a file
    Skipping link https://github.com/Yelp/mrjob/blob/master/LICENSE.txt (from https://github.com/Yelp/mrjob); unknown archive format: .txt
    Skipping link https://github.com/Yelp/mrjob/commit/d8338aa5ece44ebcf5aca208b73f6bb82d23818d (from https://github.com/Yelp/mrjob); not a file
    Skipping link https://github.com/Yelp/mrjob/blob/master/MANIFEST.in (from https://github.com/Yelp/mrjob); unknown archive format: .in
    Skipping link https://github.com/Yelp/mrjob/commit/ba6c6d27376f595cdcac782c763dc2f86a5b16a4 (from https://github.com/Yelp/mrjob); not a file
    Skipping link https://github.com/Yelp/mrjob/blob/master/Makefile (from https://github.com/Yelp/mrjob); not a file
    Skipping link https://github.com/Yelp/mrjob/commit/efa510ef42b96eeff4a1627f051dbfeae1e61cb4 (from https://github.com/Yelp/mrjob); not a file
    Skipping link https://github.com/baris (from https://github.com/Yelp/mrjob); not a file
    Skipping link https://github.com/Yelp/mrjob/blob/master/README.rst (from https://github.com/Yelp/mrjob); unknown archive format: .rst
    Skipping link https://github.com/Yelp/mrjob/commit/5ec66a3c8c4f560d654075e9ddeabefe4677f45d (from https://github.com/Yelp/mrjob); not a file
    Skipping link https://github.com/eklitzke (from https://github.com/Yelp/mrjob); not a file
    Skipping link https://github.com/Yelp/mrjob/blob/master/examples (from https://github.com/Yelp/mrjob); not a file
    Skipping link https://github.com/Yelp/mrjob/commit/bd46f0a0210d753dacd3576150f6be2deb72d52e (from https://github.com/Yelp/mrjob); not a file
    Skipping link https://github.com/Yelp/mrjob/blob/master/mrjob.conf.example (from https://github.com/Yelp/mrjob); unknown archive format: .example
    Skipping link https://github.com/Yelp/mrjob/commit/0646440db4498d5de5d268f32a5726dcfb76c74f (from https://github.com/Yelp/mrjob); not a file
    Skipping link https://github.com/Yelp/mrjob/blob/master/setup.cfg (from https://github.com/Yelp/mrjob); unknown archive format: .cfg
    Skipping link https://github.com/Yelp/mrjob/commit/ee9017d9ec6f502b0f0273e265861469d8b8f612 (from https://github.com/Yelp/mrjob); not a file
    Skipping link https://github.com/Yelp/mrjob/blob/master/setup.py (from https://github.com/Yelp/mrjob); unknown archive format: .py
    Skipping link https://github.com/Yelp/mrjob/commit/c7f650d7ff50af9c61b28ec3a50852b73f68985c (from https://github.com/Yelp/mrjob); not a file
    Skipping link https://github.com/Yelp/mrjob#mrjob (from https://github.com/Yelp/mrjob); not a file
    Skipping link https://github.com/yelp/mrjob/raw/master/docs/logos/logo_medium.png (from https://github.com/Yelp/mrjob); unknown archive format: .png
    Skipping link http://mrjob.readthedocs.org/en/latest/ (from https://github.com/Yelp/mrjob); not a file
    Skipping link https://github.com/Yelp/mrjob#installation (from https://github.com/Yelp/mrjob); not a file
    Skipping link https://github.com/Yelp/mrjob#a-simple-map-reduce-job (from https://github.com/Yelp/mrjob); not a file
    Skipping link https://github.com/Yelp/mrjob#try-it-out (from https://github.com/Yelp/mrjob); not a file
    Skipping link https://github.com/Yelp/mrjob#setting-up-emr-on-amazon (from https://github.com/Yelp/mrjob); not a file
    Skipping link https://github.com/Yelp/mrjob#advanced-configuration (from https://github.com/Yelp/mrjob); not a file
    Skipping link https://github.com/Yelp/mrjob#project-links (from https://github.com/Yelp/mrjob); not a file
    Skipping link https://github.com/Yelp/mrjob#reference (from https://github.com/Yelp/mrjob); not a file
    Skipping link https://github.com/Yelp/mrjob#more-information (from https://github.com/Yelp/mrjob); not a file
    Skipping link http://aimotion.blogspot.com/2012/08/introduction-to-recommendations-with.html (from https://github.com/Yelp/mrjob); unknown archive format: .html
    Skipping link https://github.com/marcelcaraciolo/recsys-mapreduce-mrjob (from https://github.com/Yelp/mrjob); not a file
    Skipping link http://postneo.com/2011/05/04/social-graph-analysis-using-elastic-mapreduce-and-pypy (from https://github.com/Yelp/mrjob); not a file
    Skipping link mailto:greg%40blind-works.net (from https://github.com/Yelp/mrjob); unknown archive format: .net
    Skipping link https://github.com/about (from https://github.com/Yelp/mrjob); not a file
    Skipping link https://github.com/contact (from https://github.com/Yelp/mrjob); not a file
    Skipping link http://enterprise.github.com/ (from https://github.com/Yelp/mrjob); not a file
    Skipping link http://status.github.com/ (from https://github.com/Yelp/mrjob); not a file
    Skipping link http://mac.github.com/ (from https://github.com/Yelp/mrjob); not a file
    Skipping link http://windows.github.com/ (from https://github.com/Yelp/mrjob); not a file
    Skipping link http://eclipse.github.com/ (from https://github.com/Yelp/mrjob); not a file
    Skipping link http://mobile.github.com/ (from https://github.com/Yelp/mrjob); not a file
    Skipping link http://get.gaug.es/ (from https://github.com/Yelp/mrjob); not a file
    Skipping link http://speakerdeck.com (from https://github.com/Yelp/mrjob); not a file
    Skipping link https://gist.github.com (from https://github.com/Yelp/mrjob); not a file
    Skipping link http://jobs.github.com/ (from https://github.com/Yelp/mrjob); not a file
    Skipping link http://help.github.com/ (from https://github.com/Yelp/mrjob); not a file
    Skipping link http://developer.github.com/ (from https://github.com/Yelp/mrjob); not a file
    Skipping link http://github.github.com/github-flavored-markdown/ (from https://github.com/Yelp/mrjob); not a file
    Skipping link http://pages.github.com/ (from https://github.com/Yelp/mrjob); not a file
    Skipping link http://training.github.com/ (from https://github.com/Yelp/mrjob); not a file
    Skipping link https://github.com/edu (from https://github.com/Yelp/mrjob); not a file
    Skipping link http://shop.github.com (from https://github.com/Yelp/mrjob); not a file
    Skipping link https://github.com/plans (from https://github.com/Yelp/mrjob); not a file
    Skipping link http://octodex.github.com/ (from https://github.com/Yelp/mrjob); not a file
    Skipping link https://github.com/site/terms (from https://github.com/Yelp/mrjob); not a file
    Skipping link https://github.com/site/privacy (from https://github.com/Yelp/mrjob); not a file
    Skipping link https://github.com/security (from https://github.com/Yelp/mrjob); not a file
  Using version 0.4-RC1 (newest of versions: 0.4-RC1, 0.4, 0.3.5, 0.3.4.1, 0.3.3.2, 0.3.3.1, 0.3.3, 0.3.2, 0.3.1, 0.3.0, 0.2.8, 0.2.7, 0.2.6, 0.2.5, 0.2.4, 0.2.3, 0.2.2, 0.2.1, 0.2.0, 0.1.0-pre3, 0.1.0-pre2, 0.1.0-pre1, 0.1.0)
  Downloading from URL http://pypi.python.org/packages/source/m/mrjob/mrjob-0.4-RC1.tar.gz#md5=8e1135539665a6b57b6fc54e6c1df017 (from http://pypi.python.org/simple/mrjob/)
  Running setup.py egg_info for package mrjob
    running egg_info
    creating pip-egg-info/mrjob.egg-info
    writing requirements to pip-egg-info/mrjob.egg-info/requires.txt
    writing pip-egg-info/mrjob.egg-info/PKG-INFO
    writing top-level names to pip-egg-info/mrjob.egg-info/top_level.txt
    writing dependency_links to pip-egg-info/mrjob.egg-info/dependency_links.txt
    writing manifest file 'pip-egg-info/mrjob.egg-info/SOURCES.txt'
    warning: manifest_maker: standard file '-c' not found
    
    reading manifest file 'pip-egg-info/mrjob.egg-info/SOURCES.txt'
    reading manifest template 'MANIFEST.in'
    no previously-included directories found matching 'docs'
    writing manifest file 'pip-egg-info/mrjob.egg-info/SOURCES.txt'
Requirement already satisfied (use --upgrade to upgrade): boto>=2.2.0 in /usr/lib/python2.7/dist-packages (from mrjob)
Requirement already satisfied (use --upgrade to upgrade): PyYAML in /usr/lib/python2.7/dist-packages (from mrjob)
Requirement already satisfied (use --upgrade to upgrade): simplejson>=2.0.9 in /usr/lib/python2.7/dist-packages (from mrjob)
Installing collected packages: mrjob
  Running setup.py install for mrjob
    Running command /usr/bin/python -c "import setuptools;__file__='/home/ubuntu/build/mrjob/setup.py';exec(compile(open(__file__).read().replace('\r\n', '\n'), __file__, 'exec'))" install --single-version-externally-managed --record /tmp/pip-tcw8b_-record/install-record.txt
    running install
    running build
    running build_py
    creating build
    creating build/lib.linux-x86_64-2.7
    creating build/lib.linux-x86_64-2.7/mrjob
    copying mrjob/setup.py -> build/lib.linux-x86_64-2.7/mrjob
    copying mrjob/conf.py -> build/lib.linux-x86_64-2.7/mrjob
    copying mrjob/logparsers.py -> build/lib.linux-x86_64-2.7/mrjob
    copying mrjob/pool.py -> build/lib.linux-x86_64-2.7/mrjob
    copying mrjob/job.py -> build/lib.linux-x86_64-2.7/mrjob
    copying mrjob/step.py -> build/lib.linux-x86_64-2.7/mrjob
    copying mrjob/launch.py -> build/lib.linux-x86_64-2.7/mrjob
    copying mrjob/compat.py -> build/lib.linux-x86_64-2.7/mrjob
    copying mrjob/emr.py -> build/lib.linux-x86_64-2.7/mrjob
    copying mrjob/runner.py -> build/lib.linux-x86_64-2.7/mrjob
    copying mrjob/util.py -> build/lib.linux-x86_64-2.7/mrjob
    copying mrjob/ssh.py -> build/lib.linux-x86_64-2.7/mrjob
    copying mrjob/options.py -> build/lib.linux-x86_64-2.7/mrjob
    copying mrjob/hadoop.py -> build/lib.linux-x86_64-2.7/mrjob
    copying mrjob/cmd.py -> build/lib.linux-x86_64-2.7/mrjob
    copying mrjob/protocol.py -> build/lib.linux-x86_64-2.7/mrjob
    copying mrjob/parse.py -> build/lib.linux-x86_64-2.7/mrjob
    copying mrjob/sim.py -> build/lib.linux-x86_64-2.7/mrjob
    copying mrjob/retry.py -> build/lib.linux-x86_64-2.7/mrjob
    copying mrjob/local.py -> build/lib.linux-x86_64-2.7/mrjob
    copying mrjob/inline.py -> build/lib.linux-x86_64-2.7/mrjob
    copying mrjob/__init__.py -> build/lib.linux-x86_64-2.7/mrjob
    creating build/lib.linux-x86_64-2.7/mrjob/examples
    copying mrjob/examples/mr_cmd.py -> build/lib.linux-x86_64-2.7/mrjob/examples
    copying mrjob/examples/mr_page_rank.py -> build/lib.linux-x86_64-2.7/mrjob/examples
    copying mrjob/examples/mr_wc.py -> build/lib.linux-x86_64-2.7/mrjob/examples
    copying mrjob/examples/mr_log_sampler.py -> build/lib.linux-x86_64-2.7/mrjob/examples
    copying mrjob/examples/mr_text_classifier.py -> build/lib.linux-x86_64-2.7/mrjob/examples
    copying mrjob/examples/py3k_word_freq_count.py -> build/lib.linux-x86_64-2.7/mrjob/examples
    copying mrjob/examples/mr_grep.py -> build/lib.linux-x86_64-2.7/mrjob/examples
    copying mrjob/examples/mr_word_freq_count.py -> build/lib.linux-x86_64-2.7/mrjob/examples
    copying mrjob/examples/__init__.py -> build/lib.linux-x86_64-2.7/mrjob/examples
    creating build/lib.linux-x86_64-2.7/mrjob/fs
    copying mrjob/fs/base.py -> build/lib.linux-x86_64-2.7/mrjob/fs
    copying mrjob/fs/composite.py -> build/lib.linux-x86_64-2.7/mrjob/fs
    copying mrjob/fs/s3.py -> build/lib.linux-x86_64-2.7/mrjob/fs
    copying mrjob/fs/ssh.py -> build/lib.linux-x86_64-2.7/mrjob/fs
    copying mrjob/fs/hadoop.py -> build/lib.linux-x86_64-2.7/mrjob/fs
    copying mrjob/fs/local.py -> build/lib.linux-x86_64-2.7/mrjob/fs
    copying mrjob/fs/__init__.py -> build/lib.linux-x86_64-2.7/mrjob/fs
    creating build/lib.linux-x86_64-2.7/mrjob/tools
    copying mrjob/tools/__init__.py -> build/lib.linux-x86_64-2.7/mrjob/tools
    creating build/lib.linux-x86_64-2.7/mrjob/tools/emr
    copying mrjob/tools/emr/report_long_jobs.py -> build/lib.linux-x86_64-2.7/mrjob/tools/emr
    copying mrjob/tools/emr/mrboss.py -> build/lib.linux-x86_64-2.7/mrjob/tools/emr
    copying mrjob/tools/emr/audit_usage.py -> build/lib.linux-x86_64-2.7/mrjob/tools/emr
    copying mrjob/tools/emr/job_flow_pool.py -> build/lib.linux-x86_64-2.7/mrjob/tools/emr
    copying mrjob/tools/emr/create_job_flow.py -> build/lib.linux-x86_64-2.7/mrjob/tools/emr
    copying mrjob/tools/emr/terminate_idle_job_flows.py -> build/lib.linux-x86_64-2.7/mrjob/tools/emr
    copying mrjob/tools/emr/terminate_job_flow.py -> build/lib.linux-x86_64-2.7/mrjob/tools/emr
    copying mrjob/tools/emr/s3_tmpwatch.py -> build/lib.linux-x86_64-2.7/mrjob/tools/emr
    copying mrjob/tools/emr/fetch_logs.py -> build/lib.linux-x86_64-2.7/mrjob/tools/emr
    copying mrjob/tools/emr/__init__.py -> build/lib.linux-x86_64-2.7/mrjob/tools/emr
    running build_scripts
    creating build/scripts-2.7
    copying and adjusting bin/mrjob -> build/scripts-2.7
    changing mode of build/scripts-2.7/mrjob from 664 to 775
    running install_lib
    creating /usr/local/lib/python2.7/dist-packages/mrjob
    error: could not create '/usr/local/lib/python2.7/dist-packages/mrjob': Permission denied
    Complete output from command /usr/bin/python -c "import setuptools;__file__='/home/ubuntu/build/mrjob/setup.py';exec(compile(open(__file__).read().replace('\r\n', '\n'), __file__, 'exec'))" install --single-version-externally-managed --record /tmp/pip-tcw8b_-record/install-record.txt:
    running install

running build

running build_py

creating build

creating build/lib.linux-x86_64-2.7

creating build/lib.linux-x86_64-2.7/mrjob

copying mrjob/setup.py -> build/lib.linux-x86_64-2.7/mrjob

copying mrjob/conf.py -> build/lib.linux-x86_64-2.7/mrjob

copying mrjob/logparsers.py -> build/lib.linux-x86_64-2.7/mrjob

copying mrjob/pool.py -> build/lib.linux-x86_64-2.7/mrjob

copying mrjob/job.py -> build/lib.linux-x86_64-2.7/mrjob

copying mrjob/step.py -> build/lib.linux-x86_64-2.7/mrjob

copying mrjob/launch.py -> build/lib.linux-x86_64-2.7/mrjob

copying mrjob/compat.py -> build/lib.linux-x86_64-2.7/mrjob

copying mrjob/emr.py -> build/lib.linux-x86_64-2.7/mrjob

copying mrjob/runner.py -> build/lib.linux-x86_64-2.7/mrjob

copying mrjob/util.py -> build/lib.linux-x86_64-2.7/mrjob

copying mrjob/ssh.py -> build/lib.linux-x86_64-2.7/mrjob

copying mrjob/options.py -> build/lib.linux-x86_64-2.7/mrjob

copying mrjob/hadoop.py -> build/lib.linux-x86_64-2.7/mrjob

copying mrjob/cmd.py -> build/lib.linux-x86_64-2.7/mrjob

copying mrjob/protocol.py -> build/lib.linux-x86_64-2.7/mrjob

copying mrjob/parse.py -> build/lib.linux-x86_64-2.7/mrjob

copying mrjob/sim.py -> build/lib.linux-x86_64-2.7/mrjob

copying mrjob/retry.py -> build/lib.linux-x86_64-2.7/mrjob

copying mrjob/local.py -> build/lib.linux-x86_64-2.7/mrjob

copying mrjob/inline.py -> build/lib.linux-x86_64-2.7/mrjob

copying mrjob/__init__.py -> build/lib.linux-x86_64-2.7/mrjob

creating build/lib.linux-x86_64-2.7/mrjob/examples

copying mrjob/examples/mr_cmd.py -> build/lib.linux-x86_64-2.7/mrjob/examples

copying mrjob/examples/mr_page_rank.py -> build/lib.linux-x86_64-2.7/mrjob/examples

copying mrjob/examples/mr_wc.py -> build/lib.linux-x86_64-2.7/mrjob/examples

copying mrjob/examples/mr_log_sampler.py -> build/lib.linux-x86_64-2.7/mrjob/examples

copying mrjob/examples/mr_text_classifier.py -> build/lib.linux-x86_64-2.7/mrjob/examples

copying mrjob/examples/py3k_word_freq_count.py -> build/lib.linux-x86_64-2.7/mrjob/examples

copying mrjob/examples/mr_grep.py -> build/lib.linux-x86_64-2.7/mrjob/examples

copying mrjob/examples/mr_word_freq_count.py -> build/lib.linux-x86_64-2.7/mrjob/examples

copying mrjob/examples/__init__.py -> build/lib.linux-x86_64-2.7/mrjob/examples

creating build/lib.linux-x86_64-2.7/mrjob/fs

copying mrjob/fs/base.py -> build/lib.linux-x86_64-2.7/mrjob/fs

copying mrjob/fs/composite.py -> build/lib.linux-x86_64-2.7/mrjob/fs

copying mrjob/fs/s3.py -> build/lib.linux-x86_64-2.7/mrjob/fs

copying mrjob/fs/ssh.py -> build/lib.linux-x86_64-2.7/mrjob/fs

copying mrjob/fs/hadoop.py -> build/lib.linux-x86_64-2.7/mrjob/fs

copying mrjob/fs/local.py -> build/lib.linux-x86_64-2.7/mrjob/fs

copying mrjob/fs/__init__.py -> build/lib.linux-x86_64-2.7/mrjob/fs

creating build/lib.linux-x86_64-2.7/mrjob/tools

copying mrjob/tools/__init__.py -> build/lib.linux-x86_64-2.7/mrjob/tools

creating build/lib.linux-x86_64-2.7/mrjob/tools/emr

copying mrjob/tools/emr/report_long_jobs.py -> build/lib.linux-x86_64-2.7/mrjob/tools/emr

copying mrjob/tools/emr/mrboss.py -> build/lib.linux-x86_64-2.7/mrjob/tools/emr

copying mrjob/tools/emr/audit_usage.py -> build/lib.linux-x86_64-2.7/mrjob/tools/emr

copying mrjob/tools/emr/job_flow_pool.py -> build/lib.linux-x86_64-2.7/mrjob/tools/emr

copying mrjob/tools/emr/create_job_flow.py -> build/lib.linux-x86_64-2.7/mrjob/tools/emr

copying mrjob/tools/emr/terminate_idle_job_flows.py -> build/lib.linux-x86_64-2.7/mrjob/tools/emr

copying mrjob/tools/emr/terminate_job_flow.py -> build/lib.linux-x86_64-2.7/mrjob/tools/emr

copying mrjob/tools/emr/s3_tmpwatch.py -> build/lib.linux-x86_64-2.7/mrjob/tools/emr

copying mrjob/tools/emr/fetch_logs.py -> build/lib.linux-x86_64-2.7/mrjob/tools/emr

copying mrjob/tools/emr/__init__.py -> build/lib.linux-x86_64-2.7/mrjob/tools/emr

running build_scripts

creating build/scripts-2.7

copying and adjusting bin/mrjob -> build/scripts-2.7

changing mode of build/scripts-2.7/mrjob from 664 to 775

running install_lib

creating /usr/local/lib/python2.7/dist-packages/mrjob

error: could not create '/usr/local/lib/python2.7/dist-packages/mrjob': Permission denied

----------------------------------------
Command /usr/bin/python -c "import setuptools;__file__='/home/ubuntu/build/mrjob/setup.py';exec(compile(open(__file__).read().replace('\r\n', '\n'), __file__, 'exec'))" install --single-version-externally-managed --record /tmp/pip-tcw8b_-record/install-record.txt failed with error code 1
Exception information:
Traceback (most recent call last):
  File "/usr/lib/python2.7/dist-packages/pip/basecommand.py", line 126, in main
    self.run(options, args)
  File "/usr/lib/python2.7/dist-packages/pip/commands/install.py", line 228, in run
    requirement_set.install(install_options, global_options)
  File "/usr/lib/python2.7/dist-packages/pip/req.py", line 1093, in install
    requirement.install(install_options, global_options)
  File "/usr/lib/python2.7/dist-packages/pip/req.py", line 566, in install
    cwd=self.source_dir, filter_stdout=self._filter_install, show_stdout=False)
  File "/usr/lib/python2.7/dist-packages/pip/__init__.py", line 255, in call_subprocess
    % (command_desc, proc.returncode))
InstallationError: Command /usr/bin/python -c "import setuptools;__file__='/home/ubuntu/build/mrjob/setup.py';exec(compile(open(__file__).read().replace('\r\n', '\n'), __file__, 'exec'))" install --single-version-externally-managed --record /tmp/pip-tcw8b_-record/install-record.txt failed with error code 1
